Mensaje I / 00:00:00:000 / Root(00) para top(01)
Mensaje I / 00:00:00:000 / top(01) para reaction(02)
Mensaje I / 00:00:00:000 / reaction(02) para reaction(0,0)(03)
Mensaje I / 00:00:00:000 / reaction(02) para reaction(0,1)(04)
Mensaje I / 00:00:00:000 / reaction(02) para reaction(0,2)(05)
Mensaje I / 00:00:00:000 / reaction(02) para reaction(0,3)(06)
Mensaje I / 00:00:00:000 / reaction(02) para reaction(0,4)(07)
Mensaje I / 00:00:00:000 / reaction(02) para reaction(0,5)(08)
Mensaje I / 00:00:00:000 / reaction(02) para reaction(0,6)(09)
Mensaje I / 00:00:00:000 / reaction(02) para reaction(0,7)(10)
Mensaje I / 00:00:00:000 / reaction(02) para reaction(0,8)(11)
Mensaje I / 00:00:00:000 / reaction(02) para reaction(0,9)(12)
Mensaje I / 00:00:00:000 / reaction(02) para reaction(0,10)(13)
Mensaje I / 00:00:00:000 / reaction(02) para reaction(0,11)(14)
Mensaje I / 00:00:00:000 / reaction(02) para reaction(0,12)(15)
Mensaje I / 00:00:00:000 / reaction(02) para reaction(0,13)(16)
Mensaje I / 00:00:00:000 / reaction(02) para reaction(0,14)(17)
Mensaje I / 00:00:00:000 / reaction(02) para reaction(0,15)(18)
Mensaje I / 00:00:00:000 / reaction(02) para reaction(0,16)(19)
Mensaje I / 00:00:00:000 / reaction(02) para reaction(0,17)(20)
Mensaje I / 00:00:00:000 / reaction(02) para reaction(0,18)(21)
Mensaje I / 00:00:00:000 / reaction(02) para reaction(0,19)(22)
Mensaje I / 00:00:00:000 / reaction(02) para reaction(1,0)(23)
Mensaje I / 00:00:00:000 / reaction(02) para reaction(1,1)(24)
Mensaje I / 00:00:00:000 / reaction(02) para reaction(1,2)(25)
Mensaje I / 00:00:00:000 / reaction(02) para reaction(1,3)(26)
Mensaje I / 00:00:00:000 / reaction(02) para reaction(1,4)(27)
Mensaje I / 00:00:00:000 / reaction(02) para reaction(1,5)(28)
Mensaje I / 00:00:00:000 / reaction(02) para reaction(1,6)(29)
Mensaje I / 00:00:00:000 / reaction(02) para reaction(1,7)(30)
Mensaje I / 00:00:00:000 / reaction(02) para reaction(1,8)(31)
Mensaje I / 00:00:00:000 / reaction(02) para reaction(1,9)(32)
Mensaje I / 00:00:00:000 / reaction(02) para reaction(1,10)(33)
Mensaje I / 00:00:00:000 / reaction(02) para reaction(1,11)(34)
Mensaje I / 00:00:00:000 / reaction(02) para reaction(1,12)(35)
Mensaje I / 00:00:00:000 / reaction(02) para reaction(1,13)(36)
Mensaje I / 00:00:00:000 / reaction(02) para reaction(1,14)(37)
Mensaje I / 00:00:00:000 / reaction(02) para reaction(1,15)(38)
Mensaje I / 00:00:00:000 / reaction(02) para reaction(1,16)(39)
Mensaje I / 00:00:00:000 / reaction(02) para reaction(1,17)(40)
Mensaje I / 00:00:00:000 / reaction(02) para reaction(1,18)(41)
Mensaje I / 00:00:00:000 / reaction(02) para reaction(1,19)(42)
Mensaje I / 00:00:00:000 / reaction(02) para reaction(2,0)(43)
Mensaje I / 00:00:00:000 / reaction(02) para reaction(2,1)(44)
Mensaje I / 00:00:00:000 / reaction(02) para reaction(2,2)(45)
Mensaje I / 00:00:00:000 / reaction(02) para reaction(2,3)(46)
Mensaje I / 00:00:00:000 / reaction(02) para reaction(2,4)(47)
Mensaje I / 00:00:00:000 / reaction(02) para reaction(2,5)(48)
Mensaje I / 00:00:00:000 / reaction(02) para reaction(2,6)(49)
Mensaje I / 00:00:00:000 / reaction(02) para reaction(2,7)(50)
Mensaje I / 00:00:00:000 / reaction(02) para reaction(2,8)(51)
Mensaje I / 00:00:00:000 / reaction(02) para reaction(2,9)(52)
Mensaje I / 00:00:00:000 / reaction(02) para reaction(2,10)(53)
Mensaje I / 00:00:00:000 / reaction(02) para reaction(2,11)(54)
Mensaje I / 00:00:00:000 / reaction(02) para reaction(2,12)(55)
Mensaje I / 00:00:00:000 / reaction(02) para reaction(2,13)(56)
Mensaje I / 00:00:00:000 / reaction(02) para reaction(2,14)(57)
Mensaje I / 00:00:00:000 / reaction(02) para reaction(2,15)(58)
Mensaje I / 00:00:00:000 / reaction(02) para reaction(2,16)(59)
Mensaje I / 00:00:00:000 / reaction(02) para reaction(2,17)(60)
Mensaje I / 00:00:00:000 / reaction(02) para reaction(2,18)(61)
Mensaje I / 00:00:00:000 / reaction(02) para reaction(2,19)(62)
Mensaje I / 00:00:00:000 / reaction(02) para reaction(3,0)(63)
Mensaje I / 00:00:00:000 / reaction(02) para reaction(3,1)(64)
Mensaje I / 00:00:00:000 / reaction(02) para reaction(3,2)(65)
Mensaje I / 00:00:00:000 / reaction(02) para reaction(3,3)(66)
Mensaje I / 00:00:00:000 / reaction(02) para reaction(3,4)(67)
Mensaje I / 00:00:00:000 / reaction(02) para reaction(3,5)(68)
Mensaje I / 00:00:00:000 / reaction(02) para reaction(3,6)(69)
Mensaje I / 00:00:00:000 / reaction(02) para reaction(3,7)(70)
Mensaje I / 00:00:00:000 / reaction(02) para reaction(3,8)(71)
Mensaje I / 00:00:00:000 / reaction(02) para reaction(3,9)(72)
Mensaje I / 00:00:00:000 / reaction(02) para reaction(3,10)(73)
Mensaje I / 00:00:00:000 / reaction(02) para reaction(3,11)(74)
Mensaje I / 00:00:00:000 / reaction(02) para reaction(3,12)(75)
Mensaje I / 00:00:00:000 / reaction(02) para reaction(3,13)(76)
Mensaje I / 00:00:00:000 / reaction(02) para reaction(3,14)(77)
Mensaje I / 00:00:00:000 / reaction(02) para reaction(3,15)(78)
Mensaje I / 00:00:00:000 / reaction(02) para reaction(3,16)(79)
Mensaje I / 00:00:00:000 / reaction(02) para reaction(3,17)(80)
Mensaje I / 00:00:00:000 / reaction(02) para reaction(3,18)(81)
Mensaje I / 00:00:00:000 / reaction(02) para reaction(3,19)(82)
Mensaje I / 00:00:00:000 / reaction(02) para reaction(4,0)(83)
Mensaje I / 00:00:00:000 / reaction(02) para reaction(4,1)(84)
Mensaje I / 00:00:00:000 / reaction(02) para reaction(4,2)(85)
Mensaje I / 00:00:00:000 / reaction(02) para reaction(4,3)(86)
Mensaje I / 00:00:00:000 / reaction(02) para reaction(4,4)(87)
Mensaje I / 00:00:00:000 / reaction(02) para reaction(4,5)(88)
Mensaje I / 00:00:00:000 / reaction(02) para reaction(4,6)(89)
Mensaje I / 00:00:00:000 / reaction(02) para reaction(4,7)(90)
Mensaje I / 00:00:00:000 / reaction(02) para reaction(4,8)(91)
Mensaje I / 00:00:00:000 / reaction(02) para reaction(4,9)(92)
Mensaje I / 00:00:00:000 / reaction(02) para reaction(4,10)(93)
Mensaje I / 00:00:00:000 / reaction(02) para reaction(4,11)(94)
Mensaje I / 00:00:00:000 / reaction(02) para reaction(4,12)(95)
Mensaje I / 00:00:00:000 / reaction(02) para reaction(4,13)(96)
Mensaje I / 00:00:00:000 / reaction(02) para reaction(4,14)(97)
Mensaje I / 00:00:00:000 / reaction(02) para reaction(4,15)(98)
Mensaje I / 00:00:00:000 / reaction(02) para reaction(4,16)(99)
Mensaje I / 00:00:00:000 / reaction(02) para reaction(4,17)(100)
Mensaje I / 00:00:00:000 / reaction(02) para reaction(4,18)(101)
Mensaje I / 00:00:00:000 / reaction(02) para reaction(4,19)(102)
Mensaje I / 00:00:00:000 / reaction(02) para reaction(5,0)(103)
Mensaje I / 00:00:00:000 / reaction(02) para reaction(5,1)(104)
Mensaje I / 00:00:00:000 / reaction(02) para reaction(5,2)(105)
Mensaje I / 00:00:00:000 / reaction(02) para reaction(5,3)(106)
Mensaje I / 00:00:00:000 / reaction(02) para reaction(5,4)(107)
Mensaje I / 00:00:00:000 / reaction(02) para reaction(5,5)(108)
Mensaje I / 00:00:00:000 / reaction(02) para reaction(5,6)(109)
Mensaje I / 00:00:00:000 / reaction(02) para reaction(5,7)(110)
Mensaje I / 00:00:00:000 / reaction(02) para reaction(5,8)(111)
Mensaje I / 00:00:00:000 / reaction(02) para reaction(5,9)(112)
Mensaje I / 00:00:00:000 / reaction(02) para reaction(5,10)(113)
Mensaje I / 00:00:00:000 / reaction(02) para reaction(5,11)(114)
Mensaje I / 00:00:00:000 / reaction(02) para reaction(5,12)(115)
Mensaje I / 00:00:00:000 / reaction(02) para reaction(5,13)(116)
Mensaje I / 00:00:00:000 / reaction(02) para reaction(5,14)(117)
Mensaje I / 00:00:00:000 / reaction(02) para reaction(5,15)(118)
Mensaje I / 00:00:00:000 / reaction(02) para reaction(5,16)(119)
Mensaje I / 00:00:00:000 / reaction(02) para reaction(5,17)(120)
Mensaje I / 00:00:00:000 / reaction(02) para reaction(5,18)(121)
Mensaje I / 00:00:00:000 / reaction(02) para reaction(5,19)(122)
Mensaje I / 00:00:00:000 / reaction(02) para reaction(6,0)(123)
Mensaje I / 00:00:00:000 / reaction(02) para reaction(6,1)(124)
Mensaje I / 00:00:00:000 / reaction(02) para reaction(6,2)(125)
Mensaje I / 00:00:00:000 / reaction(02) para reaction(6,3)(126)
Mensaje I / 00:00:00:000 / reaction(02) para reaction(6,4)(127)
Mensaje I / 00:00:00:000 / reaction(02) para reaction(6,5)(128)
Mensaje I / 00:00:00:000 / reaction(02) para reaction(6,6)(129)
Mensaje I / 00:00:00:000 / reaction(02) para reaction(6,7)(130)
Mensaje I / 00:00:00:000 / reaction(02) para reaction(6,8)(131)
Mensaje I / 00:00:00:000 / reaction(02) para reaction(6,9)(132)
Mensaje I / 00:00:00:000 / reaction(02) para reaction(6,10)(133)
Mensaje I / 00:00:00:000 / reaction(02) para reaction(6,11)(134)
Mensaje I / 00:00:00:000 / reaction(02) para reaction(6,12)(135)
Mensaje I / 00:00:00:000 / reaction(02) para reaction(6,13)(136)
Mensaje I / 00:00:00:000 / reaction(02) para reaction(6,14)(137)
Mensaje I / 00:00:00:000 / reaction(02) para reaction(6,15)(138)
Mensaje I / 00:00:00:000 / reaction(02) para reaction(6,16)(139)
Mensaje I / 00:00:00:000 / reaction(02) para reaction(6,17)(140)
Mensaje I / 00:00:00:000 / reaction(02) para reaction(6,18)(141)
Mensaje I / 00:00:00:000 / reaction(02) para reaction(6,19)(142)
Mensaje I / 00:00:00:000 / reaction(02) para reaction(7,0)(143)
Mensaje I / 00:00:00:000 / reaction(02) para reaction(7,1)(144)
Mensaje I / 00:00:00:000 / reaction(02) para reaction(7,2)(145)
Mensaje I / 00:00:00:000 / reaction(02) para reaction(7,3)(146)
Mensaje I / 00:00:00:000 / reaction(02) para reaction(7,4)(147)
Mensaje I / 00:00:00:000 / reaction(02) para reaction(7,5)(148)
Mensaje I / 00:00:00:000 / reaction(02) para reaction(7,6)(149)
Mensaje I / 00:00:00:000 / reaction(02) para reaction(7,7)(150)
Mensaje I / 00:00:00:000 / reaction(02) para reaction(7,8)(151)
Mensaje I / 00:00:00:000 / reaction(02) para reaction(7,9)(152)
Mensaje I / 00:00:00:000 / reaction(02) para reaction(7,10)(153)
Mensaje I / 00:00:00:000 / reaction(02) para reaction(7,11)(154)
Mensaje I / 00:00:00:000 / reaction(02) para reaction(7,12)(155)
Mensaje I / 00:00:00:000 / reaction(02) para reaction(7,13)(156)
Mensaje I / 00:00:00:000 / reaction(02) para reaction(7,14)(157)
Mensaje I / 00:00:00:000 / reaction(02) para reaction(7,15)(158)
Mensaje I / 00:00:00:000 / reaction(02) para reaction(7,16)(159)
Mensaje I / 00:00:00:000 / reaction(02) para reaction(7,17)(160)
Mensaje I / 00:00:00:000 / reaction(02) para reaction(7,18)(161)
Mensaje I / 00:00:00:000 / reaction(02) para reaction(7,19)(162)
Mensaje I / 00:00:00:000 / reaction(02) para reaction(8,0)(163)
Mensaje I / 00:00:00:000 / reaction(02) para reaction(8,1)(164)
Mensaje I / 00:00:00:000 / reaction(02) para reaction(8,2)(165)
Mensaje I / 00:00:00:000 / reaction(02) para reaction(8,3)(166)
Mensaje I / 00:00:00:000 / reaction(02) para reaction(8,4)(167)
Mensaje I / 00:00:00:000 / reaction(02) para reaction(8,5)(168)
Mensaje I / 00:00:00:000 / reaction(02) para reaction(8,6)(169)
Mensaje I / 00:00:00:000 / reaction(02) para reaction(8,7)(170)
Mensaje I / 00:00:00:000 / reaction(02) para reaction(8,8)(171)
Mensaje I / 00:00:00:000 / reaction(02) para reaction(8,9)(172)
Mensaje I / 00:00:00:000 / reaction(02) para reaction(8,10)(173)
Mensaje I / 00:00:00:000 / reaction(02) para reaction(8,11)(174)
Mensaje I / 00:00:00:000 / reaction(02) para reaction(8,12)(175)
Mensaje I / 00:00:00:000 / reaction(02) para reaction(8,13)(176)
Mensaje I / 00:00:00:000 / reaction(02) para reaction(8,14)(177)
Mensaje I / 00:00:00:000 / reaction(02) para reaction(8,15)(178)
Mensaje I / 00:00:00:000 / reaction(02) para reaction(8,16)(179)
Mensaje I / 00:00:00:000 / reaction(02) para reaction(8,17)(180)
Mensaje I / 00:00:00:000 / reaction(02) para reaction(8,18)(181)
Mensaje I / 00:00:00:000 / reaction(02) para reaction(8,19)(182)
Mensaje I / 00:00:00:000 / reaction(02) para reaction(9,0)(183)
Mensaje I / 00:00:00:000 / reaction(02) para reaction(9,1)(184)
Mensaje I / 00:00:00:000 / reaction(02) para reaction(9,2)(185)
Mensaje I / 00:00:00:000 / reaction(02) para reaction(9,3)(186)
Mensaje I / 00:00:00:000 / reaction(02) para reaction(9,4)(187)
Mensaje I / 00:00:00:000 / reaction(02) para reaction(9,5)(188)
Mensaje I / 00:00:00:000 / reaction(02) para reaction(9,6)(189)
Mensaje I / 00:00:00:000 / reaction(02) para reaction(9,7)(190)
Mensaje I / 00:00:00:000 / reaction(02) para reaction(9,8)(191)
Mensaje I / 00:00:00:000 / reaction(02) para reaction(9,9)(192)
Mensaje I / 00:00:00:000 / reaction(02) para reaction(9,10)(193)
Mensaje I / 00:00:00:000 / reaction(02) para reaction(9,11)(194)
Mensaje I / 00:00:00:000 / reaction(02) para reaction(9,12)(195)
Mensaje I / 00:00:00:000 / reaction(02) para reaction(9,13)(196)
Mensaje I / 00:00:00:000 / reaction(02) para reaction(9,14)(197)
Mensaje I / 00:00:00:000 / reaction(02) para reaction(9,15)(198)
Mensaje I / 00:00:00:000 / reaction(02) para reaction(9,16)(199)
Mensaje I / 00:00:00:000 / reaction(02) para reaction(9,17)(200)
Mensaje I / 00:00:00:000 / reaction(02) para reaction(9,18)(201)
Mensaje I / 00:00:00:000 / reaction(02) para reaction(9,19)(202)
Mensaje I / 00:00:00:000 / reaction(02) para reaction(10,0)(203)
Mensaje I / 00:00:00:000 / reaction(02) para reaction(10,1)(204)
Mensaje I / 00:00:00:000 / reaction(02) para reaction(10,2)(205)
Mensaje I / 00:00:00:000 / reaction(02) para reaction(10,3)(206)
Mensaje I / 00:00:00:000 / reaction(02) para reaction(10,4)(207)
Mensaje I / 00:00:00:000 / reaction(02) para reaction(10,5)(208)
Mensaje I / 00:00:00:000 / reaction(02) para reaction(10,6)(209)
Mensaje I / 00:00:00:000 / reaction(02) para reaction(10,7)(210)
Mensaje I / 00:00:00:000 / reaction(02) para reaction(10,8)(211)
Mensaje I / 00:00:00:000 / reaction(02) para reaction(10,9)(212)
Mensaje I / 00:00:00:000 / reaction(02) para reaction(10,10)(213)
Mensaje I / 00:00:00:000 / reaction(02) para reaction(10,11)(214)
Mensaje I / 00:00:00:000 / reaction(02) para reaction(10,12)(215)
Mensaje I / 00:00:00:000 / reaction(02) para reaction(10,13)(216)
Mensaje I / 00:00:00:000 / reaction(02) para reaction(10,14)(217)
Mensaje I / 00:00:00:000 / reaction(02) para reaction(10,15)(218)
Mensaje I / 00:00:00:000 / reaction(02) para reaction(10,16)(219)
Mensaje I / 00:00:00:000 / reaction(02) para reaction(10,17)(220)
Mensaje I / 00:00:00:000 / reaction(02) para reaction(10,18)(221)
Mensaje I / 00:00:00:000 / reaction(02) para reaction(10,19)(222)
Mensaje I / 00:00:00:000 / reaction(02) para reaction(11,0)(223)
Mensaje I / 00:00:00:000 / reaction(02) para reaction(11,1)(224)
Mensaje I / 00:00:00:000 / reaction(02) para reaction(11,2)(225)
Mensaje I / 00:00:00:000 / reaction(02) para reaction(11,3)(226)
Mensaje I / 00:00:00:000 / reaction(02) para reaction(11,4)(227)
Mensaje I / 00:00:00:000 / reaction(02) para reaction(11,5)(228)
Mensaje I / 00:00:00:000 / reaction(02) para reaction(11,6)(229)
Mensaje I / 00:00:00:000 / reaction(02) para reaction(11,7)(230)
Mensaje I / 00:00:00:000 / reaction(02) para reaction(11,8)(231)
Mensaje I / 00:00:00:000 / reaction(02) para reaction(11,9)(232)
Mensaje I / 00:00:00:000 / reaction(02) para reaction(11,10)(233)
Mensaje I / 00:00:00:000 / reaction(02) para reaction(11,11)(234)
Mensaje I / 00:00:00:000 / reaction(02) para reaction(11,12)(235)
Mensaje I / 00:00:00:000 / reaction(02) para reaction(11,13)(236)
Mensaje I / 00:00:00:000 / reaction(02) para reaction(11,14)(237)
Mensaje I / 00:00:00:000 / reaction(02) para reaction(11,15)(238)
Mensaje I / 00:00:00:000 / reaction(02) para reaction(11,16)(239)
Mensaje I / 00:00:00:000 / reaction(02) para reaction(11,17)(240)
Mensaje I / 00:00:00:000 / reaction(02) para reaction(11,18)(241)
Mensaje I / 00:00:00:000 / reaction(02) para reaction(11,19)(242)
Mensaje I / 00:00:00:000 / reaction(02) para reaction(12,0)(243)
Mensaje I / 00:00:00:000 / reaction(02) para reaction(12,1)(244)
Mensaje I / 00:00:00:000 / reaction(02) para reaction(12,2)(245)
Mensaje I / 00:00:00:000 / reaction(02) para reaction(12,3)(246)
Mensaje I / 00:00:00:000 / reaction(02) para reaction(12,4)(247)
Mensaje I / 00:00:00:000 / reaction(02) para reaction(12,5)(248)
Mensaje I / 00:00:00:000 / reaction(02) para reaction(12,6)(249)
Mensaje I / 00:00:00:000 / reaction(02) para reaction(12,7)(250)
Mensaje I / 00:00:00:000 / reaction(02) para reaction(12,8)(251)
Mensaje I / 00:00:00:000 / reaction(02) para reaction(12,9)(252)
Mensaje I / 00:00:00:000 / reaction(02) para reaction(12,10)(253)
Mensaje I / 00:00:00:000 / reaction(02) para reaction(12,11)(254)
Mensaje I / 00:00:00:000 / reaction(02) para reaction(12,12)(255)
Mensaje I / 00:00:00:000 / reaction(02) para reaction(12,13)(256)
Mensaje I / 00:00:00:000 / reaction(02) para reaction(12,14)(257)
Mensaje I / 00:00:00:000 / reaction(02) para reaction(12,15)(258)
Mensaje I / 00:00:00:000 / reaction(02) para reaction(12,16)(259)
Mensaje I / 00:00:00:000 / reaction(02) para reaction(12,17)(260)
Mensaje I / 00:00:00:000 / reaction(02) para reaction(12,18)(261)
Mensaje I / 00:00:00:000 / reaction(02) para reaction(12,19)(262)
Mensaje I / 00:00:00:000 / reaction(02) para reaction(13,0)(263)
Mensaje I / 00:00:00:000 / reaction(02) para reaction(13,1)(264)
Mensaje I / 00:00:00:000 / reaction(02) para reaction(13,2)(265)
Mensaje I / 00:00:00:000 / reaction(02) para reaction(13,3)(266)
Mensaje I / 00:00:00:000 / reaction(02) para reaction(13,4)(267)
Mensaje I / 00:00:00:000 / reaction(02) para reaction(13,5)(268)
Mensaje I / 00:00:00:000 / reaction(02) para reaction(13,6)(269)
Mensaje I / 00:00:00:000 / reaction(02) para reaction(13,7)(270)
Mensaje I / 00:00:00:000 / reaction(02) para reaction(13,8)(271)
Mensaje I / 00:00:00:000 / reaction(02) para reaction(13,9)(272)
Mensaje I / 00:00:00:000 / reaction(02) para reaction(13,10)(273)
Mensaje I / 00:00:00:000 / reaction(02) para reaction(13,11)(274)
Mensaje I / 00:00:00:000 / reaction(02) para reaction(13,12)(275)
Mensaje I / 00:00:00:000 / reaction(02) para reaction(13,13)(276)
Mensaje I / 00:00:00:000 / reaction(02) para reaction(13,14)(277)
Mensaje I / 00:00:00:000 / reaction(02) para reaction(13,15)(278)
Mensaje I / 00:00:00:000 / reaction(02) para reaction(13,16)(279)
Mensaje I / 00:00:00:000 / reaction(02) para reaction(13,17)(280)
Mensaje I / 00:00:00:000 / reaction(02) para reaction(13,18)(281)
Mensaje I / 00:00:00:000 / reaction(02) para reaction(13,19)(282)
Mensaje I / 00:00:00:000 / reaction(02) para reaction(14,0)(283)
Mensaje I / 00:00:00:000 / reaction(02) para reaction(14,1)(284)
Mensaje I / 00:00:00:000 / reaction(02) para reaction(14,2)(285)
Mensaje I / 00:00:00:000 / reaction(02) para reaction(14,3)(286)
Mensaje I / 00:00:00:000 / reaction(02) para reaction(14,4)(287)
Mensaje I / 00:00:00:000 / reaction(02) para reaction(14,5)(288)
Mensaje I / 00:00:00:000 / reaction(02) para reaction(14,6)(289)
Mensaje I / 00:00:00:000 / reaction(02) para reaction(14,7)(290)
Mensaje I / 00:00:00:000 / reaction(02) para reaction(14,8)(291)
Mensaje I / 00:00:00:000 / reaction(02) para reaction(14,9)(292)
Mensaje I / 00:00:00:000 / reaction(02) para reaction(14,10)(293)
Mensaje I / 00:00:00:000 / reaction(02) para reaction(14,11)(294)
Mensaje I / 00:00:00:000 / reaction(02) para reaction(14,12)(295)
Mensaje I / 00:00:00:000 / reaction(02) para reaction(14,13)(296)
Mensaje I / 00:00:00:000 / reaction(02) para reaction(14,14)(297)
Mensaje I / 00:00:00:000 / reaction(02) para reaction(14,15)(298)
Mensaje I / 00:00:00:000 / reaction(02) para reaction(14,16)(299)
Mensaje I / 00:00:00:000 / reaction(02) para reaction(14,17)(300)
Mensaje I / 00:00:00:000 / reaction(02) para reaction(14,18)(301)
Mensaje I / 00:00:00:000 / reaction(02) para reaction(14,19)(302)
Mensaje I / 00:00:00:000 / reaction(02) para reaction(15,0)(303)
Mensaje I / 00:00:00:000 / reaction(02) para reaction(15,1)(304)
Mensaje I / 00:00:00:000 / reaction(02) para reaction(15,2)(305)
Mensaje I / 00:00:00:000 / reaction(02) para reaction(15,3)(306)
Mensaje I / 00:00:00:000 / reaction(02) para reaction(15,4)(307)
Mensaje I / 00:00:00:000 / reaction(02) para reaction(15,5)(308)
Mensaje I / 00:00:00:000 / reaction(02) para reaction(15,6)(309)
Mensaje I / 00:00:00:000 / reaction(02) para reaction(15,7)(310)
Mensaje I / 00:00:00:000 / reaction(02) para reaction(15,8)(311)
Mensaje I / 00:00:00:000 / reaction(02) para reaction(15,9)(312)
Mensaje I / 00:00:00:000 / reaction(02) para reaction(15,10)(313)
Mensaje I / 00:00:00:000 / reaction(02) para reaction(15,11)(314)
Mensaje I / 00:00:00:000 / reaction(02) para reaction(15,12)(315)
Mensaje I / 00:00:00:000 / reaction(02) para reaction(15,13)(316)
Mensaje I / 00:00:00:000 / reaction(02) para reaction(15,14)(317)
Mensaje I / 00:00:00:000 / reaction(02) para reaction(15,15)(318)
Mensaje I / 00:00:00:000 / reaction(02) para reaction(15,16)(319)
Mensaje I / 00:00:00:000 / reaction(02) para reaction(15,17)(320)
Mensaje I / 00:00:00:000 / reaction(02) para reaction(15,18)(321)
Mensaje I / 00:00:00:000 / reaction(02) para reaction(15,19)(322)
Mensaje I / 00:00:00:000 / reaction(02) para reaction(16,0)(323)
Mensaje I / 00:00:00:000 / reaction(02) para reaction(16,1)(324)
Mensaje I / 00:00:00:000 / reaction(02) para reaction(16,2)(325)
Mensaje I / 00:00:00:000 / reaction(02) para reaction(16,3)(326)
Mensaje I / 00:00:00:000 / reaction(02) para reaction(16,4)(327)
Mensaje I / 00:00:00:000 / reaction(02) para reaction(16,5)(328)
Mensaje I / 00:00:00:000 / reaction(02) para reaction(16,6)(329)
Mensaje I / 00:00:00:000 / reaction(02) para reaction(16,7)(330)
Mensaje I / 00:00:00:000 / reaction(02) para reaction(16,8)(331)
Mensaje I / 00:00:00:000 / reaction(02) para reaction(16,9)(332)
Mensaje I / 00:00:00:000 / reaction(02) para reaction(16,10)(333)
Mensaje I / 00:00:00:000 / reaction(02) para reaction(16,11)(334)
Mensaje I / 00:00:00:000 / reaction(02) para reaction(16,12)(335)
Mensaje I / 00:00:00:000 / reaction(02) para reaction(16,13)(336)
Mensaje I / 00:00:00:000 / reaction(02) para reaction(16,14)(337)
Mensaje I / 00:00:00:000 / reaction(02) para reaction(16,15)(338)
Mensaje I / 00:00:00:000 / reaction(02) para reaction(16,16)(339)
Mensaje I / 00:00:00:000 / reaction(02) para reaction(16,17)(340)
Mensaje I / 00:00:00:000 / reaction(02) para reaction(16,18)(341)
Mensaje I / 00:00:00:000 / reaction(02) para reaction(16,19)(342)
Mensaje I / 00:00:00:000 / reaction(02) para reaction(17,0)(343)
Mensaje I / 00:00:00:000 / reaction(02) para reaction(17,1)(344)
Mensaje I / 00:00:00:000 / reaction(02) para reaction(17,2)(345)
Mensaje I / 00:00:00:000 / reaction(02) para reaction(17,3)(346)
Mensaje I / 00:00:00:000 / reaction(02) para reaction(17,4)(347)
Mensaje I / 00:00:00:000 / reaction(02) para reaction(17,5)(348)
Mensaje I / 00:00:00:000 / reaction(02) para reaction(17,6)(349)
Mensaje I / 00:00:00:000 / reaction(02) para reaction(17,7)(350)
Mensaje I / 00:00:00:000 / reaction(02) para reaction(17,8)(351)
Mensaje I / 00:00:00:000 / reaction(02) para reaction(17,9)(352)
Mensaje I / 00:00:00:000 / reaction(02) para reaction(17,10)(353)
Mensaje I / 00:00:00:000 / reaction(02) para reaction(17,11)(354)
Mensaje I / 00:00:00:000 / reaction(02) para reaction(17,12)(355)
Mensaje I / 00:00:00:000 / reaction(02) para reaction(17,13)(356)
Mensaje I / 00:00:00:000 / reaction(02) para reaction(17,14)(357)
Mensaje I / 00:00:00:000 / reaction(02) para reaction(17,15)(358)
Mensaje I / 00:00:00:000 / reaction(02) para reaction(17,16)(359)
Mensaje I / 00:00:00:000 / reaction(02) para reaction(17,17)(360)
Mensaje I / 00:00:00:000 / reaction(02) para reaction(17,18)(361)
Mensaje I / 00:00:00:000 / reaction(02) para reaction(17,19)(362)
Mensaje I / 00:00:00:000 / reaction(02) para reaction(18,0)(363)
Mensaje I / 00:00:00:000 / reaction(02) para reaction(18,1)(364)
Mensaje I / 00:00:00:000 / reaction(02) para reaction(18,2)(365)
Mensaje I / 00:00:00:000 / reaction(02) para reaction(18,3)(366)
Mensaje I / 00:00:00:000 / reaction(02) para reaction(18,4)(367)
Mensaje I / 00:00:00:000 / reaction(02) para reaction(18,5)(368)
Mensaje I / 00:00:00:000 / reaction(02) para reaction(18,6)(369)
Mensaje I / 00:00:00:000 / reaction(02) para reaction(18,7)(370)
Mensaje I / 00:00:00:000 / reaction(02) para reaction(18,8)(371)
Mensaje I / 00:00:00:000 / reaction(02) para reaction(18,9)(372)
Mensaje I / 00:00:00:000 / reaction(02) para reaction(18,10)(373)
Mensaje I / 00:00:00:000 / reaction(02) para reaction(18,11)(374)
Mensaje I / 00:00:00:000 / reaction(02) para reaction(18,12)(375)
Mensaje I / 00:00:00:000 / reaction(02) para reaction(18,13)(376)
Mensaje I / 00:00:00:000 / reaction(02) para reaction(18,14)(377)
Mensaje I / 00:00:00:000 / reaction(02) para reaction(18,15)(378)
Mensaje I / 00:00:00:000 / reaction(02) para reaction(18,16)(379)
Mensaje I / 00:00:00:000 / reaction(02) para reaction(18,17)(380)
Mensaje I / 00:00:00:000 / reaction(02) para reaction(18,18)(381)
Mensaje I / 00:00:00:000 / reaction(02) para reaction(18,19)(382)
Mensaje I / 00:00:00:000 / reaction(02) para reaction(19,0)(383)
Mensaje I / 00:00:00:000 / reaction(02) para reaction(19,1)(384)
Mensaje I / 00:00:00:000 / reaction(02) para reaction(19,2)(385)
Mensaje I / 00:00:00:000 / reaction(02) para reaction(19,3)(386)
Mensaje I / 00:00:00:000 / reaction(02) para reaction(19,4)(387)
Mensaje I / 00:00:00:000 / reaction(02) para reaction(19,5)(388)
Mensaje I / 00:00:00:000 / reaction(02) para reaction(19,6)(389)
Mensaje I / 00:00:00:000 / reaction(02) para reaction(19,7)(390)
Mensaje I / 00:00:00:000 / reaction(02) para reaction(19,8)(391)
Mensaje I / 00:00:00:000 / reaction(02) para reaction(19,9)(392)
Mensaje I / 00:00:00:000 / reaction(02) para reaction(19,10)(393)
Mensaje I / 00:00:00:000 / reaction(02) para reaction(19,11)(394)
Mensaje I / 00:00:00:000 / reaction(02) para reaction(19,12)(395)
Mensaje I / 00:00:00:000 / reaction(02) para reaction(19,13)(396)
Mensaje I / 00:00:00:000 / reaction(02) para reaction(19,14)(397)
Mensaje I / 00:00:00:000 / reaction(02) para reaction(19,15)(398)
Mensaje I / 00:00:00:000 / reaction(02) para reaction(19,16)(399)
Mensaje I / 00:00:00:000 / reaction(02) para reaction(19,17)(400)
Mensaje I / 00:00:00:000 / reaction(02) para reaction(19,18)(401)
Mensaje I / 00:00:00:000 / reaction(02) para reaction(19,19)(402)
Mensaje D / 00:00:00:000 / reaction(0,0)(03) / ... para reaction(02)
Mensaje D / 00:00:00:000 / reaction(0,1)(04) / ... para reaction(02)
Mensaje D / 00:00:00:000 / reaction(0,2)(05) / ... para reaction(02)
Mensaje D / 00:00:00:000 / reaction(0,3)(06) / ... para reaction(02)
Mensaje D / 00:00:00:000 / reaction(0,4)(07) / ... para reaction(02)
Mensaje D / 00:00:00:000 / reaction(0,5)(08) / ... para reaction(02)
Mensaje D / 00:00:00:000 / reaction(0,6)(09) / ... para reaction(02)
Mensaje D / 00:00:00:000 / reaction(0,7)(10) / ... para reaction(02)
Mensaje D / 00:00:00:000 / reaction(0,8)(11) / ... para reaction(02)
Mensaje D / 00:00:00:000 / reaction(0,9)(12) / ... para reaction(02)
Mensaje D / 00:00:00:000 / reaction(0,10)(13) / ... para reaction(02)
Mensaje D / 00:00:00:000 / reaction(0,11)(14) / ... para reaction(02)
Mensaje D / 00:00:00:000 / reaction(0,12)(15) / ... para reaction(02)
Mensaje D / 00:00:00:000 / reaction(0,13)(16) / ... para reaction(02)
Mensaje D / 00:00:00:000 / reaction(0,14)(17) / ... para reaction(02)
Mensaje D / 00:00:00:000 / reaction(0,15)(18) / ... para reaction(02)
Mensaje D / 00:00:00:000 / reaction(0,16)(19) / ... para reaction(02)
Mensaje D / 00:00:00:000 / reaction(0,17)(20) / ... para reaction(02)
Mensaje D / 00:00:00:000 / reaction(0,18)(21) / ... para reaction(02)
Mensaje D / 00:00:00:000 / reaction(0,19)(22) / ... para reaction(02)
Mensaje D / 00:00:00:000 / reaction(1,0)(23) / ... para reaction(02)
Mensaje D / 00:00:00:000 / reaction(1,1)(24) / ... para reaction(02)
Mensaje D / 00:00:00:000 / reaction(1,2)(25) / ... para reaction(02)
Mensaje D / 00:00:00:000 / reaction(1,3)(26) / ... para reaction(02)
Mensaje D / 00:00:00:000 / reaction(1,4)(27) / ... para reaction(02)
Mensaje D / 00:00:00:000 / reaction(1,5)(28) / ... para reaction(02)
Mensaje D / 00:00:00:000 / reaction(1,6)(29) / ... para reaction(02)
Mensaje D / 00:00:00:000 / reaction(1,7)(30) / ... para reaction(02)
Mensaje D / 00:00:00:000 / reaction(1,8)(31) / ... para reaction(02)
Mensaje D / 00:00:00:000 / reaction(1,9)(32) / ... para reaction(02)
Mensaje D / 00:00:00:000 / reaction(1,10)(33) / ... para reaction(02)
Mensaje D / 00:00:00:000 / reaction(1,11)(34) / ... para reaction(02)
Mensaje D / 00:00:00:000 / reaction(1,12)(35) / ... para reaction(02)
Mensaje D / 00:00:00:000 / reaction(1,13)(36) / ... para reaction(02)
Mensaje D / 00:00:00:000 / reaction(1,14)(37) / ... para reaction(02)
Mensaje D / 00:00:00:000 / reaction(1,15)(38) / ... para reaction(02)
Mensaje D / 00:00:00:000 / reaction(1,16)(39) / ... para reaction(02)
Mensaje D / 00:00:00:000 / reaction(1,17)(40) / ... para reaction(02)
Mensaje D / 00:00:00:000 / reaction(1,18)(41) / ... para reaction(02)
Mensaje D / 00:00:00:000 / reaction(1,19)(42) / ... para reaction(02)
Mensaje D / 00:00:00:000 / reaction(2,0)(43) / ... para reaction(02)
Mensaje D / 00:00:00:000 / reaction(2,1)(44) / ... para reaction(02)
Mensaje D / 00:00:00:000 / reaction(2,2)(45) / ... para reaction(02)
Mensaje D / 00:00:00:000 / reaction(2,3)(46) / ... para reaction(02)
Mensaje D / 00:00:00:000 / reaction(2,4)(47) / ... para reaction(02)
Mensaje D / 00:00:00:000 / reaction(2,5)(48) / ... para reaction(02)
Mensaje D / 00:00:00:000 / reaction(2,6)(49) / ... para reaction(02)
Mensaje D / 00:00:00:000 / reaction(2,7)(50) / ... para reaction(02)
Mensaje D / 00:00:00:000 / reaction(2,8)(51) / ... para reaction(02)
Mensaje D / 00:00:00:000 / reaction(2,9)(52) / ... para reaction(02)
Mensaje D / 00:00:00:000 / reaction(2,10)(53) / ... para reaction(02)
Mensaje D / 00:00:00:000 / reaction(2,11)(54) / 00:00:00:100 para reaction(02)
Mensaje D / 00:00:00:000 / reaction(2,12)(55) / ... para reaction(02)
Mensaje D / 00:00:00:000 / reaction(2,13)(56) / ... para reaction(02)
Mensaje D / 00:00:00:000 / reaction(2,14)(57) / ... para reaction(02)
Mensaje D / 00:00:00:000 / reaction(2,15)(58) / ... para reaction(02)
Mensaje D / 00:00:00:000 / reaction(2,16)(59) / ... para reaction(02)
Mensaje D / 00:00:00:000 / reaction(2,17)(60) / ... para reaction(02)
Mensaje D / 00:00:00:000 / reaction(2,18)(61) / ... para reaction(02)
Mensaje D / 00:00:00:000 / reaction(2,19)(62) / ... para reaction(02)
Mensaje D / 00:00:00:000 / reaction(3,0)(63) / ... para reaction(02)
Mensaje D / 00:00:00:000 / reaction(3,1)(64) / ... para reaction(02)
Mensaje D / 00:00:00:000 / reaction(3,2)(65) / ... para reaction(02)
Mensaje D / 00:00:00:000 / reaction(3,3)(66) / ... para reaction(02)
Mensaje D / 00:00:00:000 / reaction(3,4)(67) / ... para reaction(02)
Mensaje D / 00:00:00:000 / reaction(3,5)(68) / ... para reaction(02)
Mensaje D / 00:00:00:000 / reaction(3,6)(69) / ... para reaction(02)
Mensaje D / 00:00:00:000 / reaction(3,7)(70) / ... para reaction(02)
Mensaje D / 00:00:00:000 / reaction(3,8)(71) / ... para reaction(02)
Mensaje D / 00:00:00:000 / reaction(3,9)(72) / ... para reaction(02)
Mensaje D / 00:00:00:000 / reaction(3,10)(73) / ... para reaction(02)
Mensaje D / 00:00:00:000 / reaction(3,11)(74) / ... para reaction(02)
Mensaje D / 00:00:00:000 / reaction(3,12)(75) / ... para reaction(02)
Mensaje D / 00:00:00:000 / reaction(3,13)(76) / ... para reaction(02)
Mensaje D / 00:00:00:000 / reaction(3,14)(77) / ... para reaction(02)
Mensaje D / 00:00:00:000 / reaction(3,15)(78) / ... para reaction(02)
Mensaje D / 00:00:00:000 / reaction(3,16)(79) / ... para reaction(02)
Mensaje D / 00:00:00:000 / reaction(3,17)(80) / ... para reaction(02)
Mensaje D / 00:00:00:000 / reaction(3,18)(81) / ... para reaction(02)
Mensaje D / 00:00:00:000 / reaction(3,19)(82) / ... para reaction(02)
Mensaje D / 00:00:00:000 / reaction(4,0)(83) / ... para reaction(02)
Mensaje D / 00:00:00:000 / reaction(4,1)(84) / ... para reaction(02)
Mensaje D / 00:00:00:000 / reaction(4,2)(85) / ... para reaction(02)
Mensaje D / 00:00:00:000 / reaction(4,3)(86) / ... para reaction(02)
Mensaje D / 00:00:00:000 / reaction(4,4)(87) / ... para reaction(02)
Mensaje D / 00:00:00:000 / reaction(4,5)(88) / ... para reaction(02)
Mensaje D / 00:00:00:000 / reaction(4,6)(89) / ... para reaction(02)
Mensaje D / 00:00:00:000 / reaction(4,7)(90) / ... para reaction(02)
Mensaje D / 00:00:00:000 / reaction(4,8)(91) / ... para reaction(02)
Mensaje D / 00:00:00:000 / reaction(4,9)(92) / ... para reaction(02)
Mensaje D / 00:00:00:000 / reaction(4,10)(93) / ... para reaction(02)
Mensaje D / 00:00:00:000 / reaction(4,11)(94) / ... para reaction(02)
Mensaje D / 00:00:00:000 / reaction(4,12)(95) / ... para reaction(02)
Mensaje D / 00:00:00:000 / reaction(4,13)(96) / ... para reaction(02)
Mensaje D / 00:00:00:000 / reaction(4,14)(97) / ... para reaction(02)
Mensaje D / 00:00:00:000 / reaction(4,15)(98) / ... para reaction(02)
Mensaje D / 00:00:00:000 / reaction(4,16)(99) / ... para reaction(02)
Mensaje D / 00:00:00:000 / reaction(4,17)(100) / ... para reaction(02)
Mensaje D / 00:00:00:000 / reaction(4,18)(101) / ... para reaction(02)
Mensaje D / 00:00:00:000 / reaction(4,19)(102) / ... para reaction(02)
Mensaje D / 00:00:00:000 / reaction(5,0)(103) / ... para reaction(02)
Mensaje D / 00:00:00:000 / reaction(5,1)(104) / ... para reaction(02)
Mensaje D / 00:00:00:000 / reaction(5,2)(105) / ... para reaction(02)
Mensaje D / 00:00:00:000 / reaction(5,3)(106) / ... para reaction(02)
Mensaje D / 00:00:00:000 / reaction(5,4)(107) / ... para reaction(02)
Mensaje D / 00:00:00:000 / reaction(5,5)(108) / ... para reaction(02)
Mensaje D / 00:00:00:000 / reaction(5,6)(109) / ... para reaction(02)
Mensaje D / 00:00:00:000 / reaction(5,7)(110) / ... para reaction(02)
Mensaje D / 00:00:00:000 / reaction(5,8)(111) / ... para reaction(02)
Mensaje D / 00:00:00:000 / reaction(5,9)(112) / ... para reaction(02)
Mensaje D / 00:00:00:000 / reaction(5,10)(113) / ... para reaction(02)
Mensaje D / 00:00:00:000 / reaction(5,11)(114) / ... para reaction(02)
Mensaje D / 00:00:00:000 / reaction(5,12)(115) / ... para reaction(02)
Mensaje D / 00:00:00:000 / reaction(5,13)(116) / ... para reaction(02)
Mensaje D / 00:00:00:000 / reaction(5,14)(117) / ... para reaction(02)
Mensaje D / 00:00:00:000 / reaction(5,15)(118) / ... para reaction(02)
Mensaje D / 00:00:00:000 / reaction(5,16)(119) / ... para reaction(02)
Mensaje D / 00:00:00:000 / reaction(5,17)(120) / ... para reaction(02)
Mensaje D / 00:00:00:000 / reaction(5,18)(121) / ... para reaction(02)
Mensaje D / 00:00:00:000 / reaction(5,19)(122) / ... para reaction(02)
Mensaje D / 00:00:00:000 / reaction(6,0)(123) / ... para reaction(02)
Mensaje D / 00:00:00:000 / reaction(6,1)(124) / ... para reaction(02)
Mensaje D / 00:00:00:000 / reaction(6,2)(125) / ... para reaction(02)
Mensaje D / 00:00:00:000 / reaction(6,3)(126) / ... para reaction(02)
Mensaje D / 00:00:00:000 / reaction(6,4)(127) / ... para reaction(02)
Mensaje D / 00:00:00:000 / reaction(6,5)(128) / ... para reaction(02)
Mensaje D / 00:00:00:000 / reaction(6,6)(129) / ... para reaction(02)
Mensaje D / 00:00:00:000 / reaction(6,7)(130) / ... para reaction(02)
Mensaje D / 00:00:00:000 / reaction(6,8)(131) / ... para reaction(02)
Mensaje D / 00:00:00:000 / reaction(6,9)(132) / ... para reaction(02)
Mensaje D / 00:00:00:000 / reaction(6,10)(133) / ... para reaction(02)
Mensaje D / 00:00:00:000 / reaction(6,11)(134) / ... para reaction(02)
Mensaje D / 00:00:00:000 / reaction(6,12)(135) / ... para reaction(02)
Mensaje D / 00:00:00:000 / reaction(6,13)(136) / ... para reaction(02)
Mensaje D / 00:00:00:000 / reaction(6,14)(137) / ... para reaction(02)
Mensaje D / 00:00:00:000 / reaction(6,15)(138) / ... para reaction(02)
Mensaje D / 00:00:00:000 / reaction(6,16)(139) / ... para reaction(02)
Mensaje D / 00:00:00:000 / reaction(6,17)(140) / ... para reaction(02)
Mensaje D / 00:00:00:000 / reaction(6,18)(141) / ... para reaction(02)
Mensaje D / 00:00:00:000 / reaction(6,19)(142) / ... para reaction(02)
Mensaje D / 00:00:00:000 / reaction(7,0)(143) / ... para reaction(02)
Mensaje D / 00:00:00:000 / reaction(7,1)(144) / ... para reaction(02)
Mensaje D / 00:00:00:000 / reaction(7,2)(145) / ... para reaction(02)
Mensaje D / 00:00:00:000 / reaction(7,3)(146) / ... para reaction(02)
Mensaje D / 00:00:00:000 / reaction(7,4)(147) / ... para reaction(02)
Mensaje D / 00:00:00:000 / reaction(7,5)(148) / ... para reaction(02)
Mensaje D / 00:00:00:000 / reaction(7,6)(149) / ... para reaction(02)
Mensaje D / 00:00:00:000 / reaction(7,7)(150) / ... para reaction(02)
Mensaje D / 00:00:00:000 / reaction(7,8)(151) / ... para reaction(02)
Mensaje D / 00:00:00:000 / reaction(7,9)(152) / ... para reaction(02)
Mensaje D / 00:00:00:000 / reaction(7,10)(153) / ... para reaction(02)
Mensaje D / 00:00:00:000 / reaction(7,11)(154) / ... para reaction(02)
Mensaje D / 00:00:00:000 / reaction(7,12)(155) / ... para reaction(02)
Mensaje D / 00:00:00:000 / reaction(7,13)(156) / ... para reaction(02)
Mensaje D / 00:00:00:000 / reaction(7,14)(157) / ... para reaction(02)
Mensaje D / 00:00:00:000 / reaction(7,15)(158) / ... para reaction(02)
Mensaje D / 00:00:00:000 / reaction(7,16)(159) / ... para reaction(02)
Mensaje D / 00:00:00:000 / reaction(7,17)(160) / ... para reaction(02)
Mensaje D / 00:00:00:000 / reaction(7,18)(161) / ... para reaction(02)
Mensaje D / 00:00:00:000 / reaction(7,19)(162) / ... para reaction(02)
Mensaje D / 00:00:00:000 / reaction(8,0)(163) / ... para reaction(02)
Mensaje D / 00:00:00:000 / reaction(8,1)(164) / ... para reaction(02)
Mensaje D / 00:00:00:000 / reaction(8,2)(165) / ... para reaction(02)
Mensaje D / 00:00:00:000 / reaction(8,3)(166) / ... para reaction(02)
Mensaje D / 00:00:00:000 / reaction(8,4)(167) / ... para reaction(02)
Mensaje D / 00:00:00:000 / reaction(8,5)(168) / ... para reaction(02)
Mensaje D / 00:00:00:000 / reaction(8,6)(169) / ... para reaction(02)
Mensaje D / 00:00:00:000 / reaction(8,7)(170) / ... para reaction(02)
Mensaje D / 00:00:00:000 / reaction(8,8)(171) / ... para reaction(02)
Mensaje D / 00:00:00:000 / reaction(8,9)(172) / ... para reaction(02)
Mensaje D / 00:00:00:000 / reaction(8,10)(173) / ... para reaction(02)
Mensaje D / 00:00:00:000 / reaction(8,11)(174) / ... para reaction(02)
Mensaje D / 00:00:00:000 / reaction(8,12)(175) / ... para reaction(02)
Mensaje D / 00:00:00:000 / reaction(8,13)(176) / ... para reaction(02)
Mensaje D / 00:00:00:000 / reaction(8,14)(177) / ... para reaction(02)
Mensaje D / 00:00:00:000 / reaction(8,15)(178) / ... para reaction(02)
Mensaje D / 00:00:00:000 / reaction(8,16)(179) / ... para reaction(02)
Mensaje D / 00:00:00:000 / reaction(8,17)(180) / ... para reaction(02)
Mensaje D / 00:00:00:000 / reaction(8,18)(181) / ... para reaction(02)
Mensaje D / 00:00:00:000 / reaction(8,19)(182) / ... para reaction(02)
Mensaje D / 00:00:00:000 / reaction(9,0)(183) / ... para reaction(02)
Mensaje D / 00:00:00:000 / reaction(9,1)(184) / ... para reaction(02)
Mensaje D / 00:00:00:000 / reaction(9,2)(185) / ... para reaction(02)
Mensaje D / 00:00:00:000 / reaction(9,3)(186) / ... para reaction(02)
Mensaje D / 00:00:00:000 / reaction(9,4)(187) / ... para reaction(02)
Mensaje D / 00:00:00:000 / reaction(9,5)(188) / ... para reaction(02)
Mensaje D / 00:00:00:000 / reaction(9,6)(189) / ... para reaction(02)
Mensaje D / 00:00:00:000 / reaction(9,7)(190) / ... para reaction(02)
Mensaje D / 00:00:00:000 / reaction(9,8)(191) / ... para reaction(02)
Mensaje D / 00:00:00:000 / reaction(9,9)(192) / 00:00:00:100 para reaction(02)
Mensaje D / 00:00:00:000 / reaction(9,10)(193) / ... para reaction(02)
Mensaje D / 00:00:00:000 / reaction(9,11)(194) / ... para reaction(02)
Mensaje D / 00:00:00:000 / reaction(9,12)(195) / ... para reaction(02)
Mensaje D / 00:00:00:000 / reaction(9,13)(196) / ... para reaction(02)
Mensaje D / 00:00:00:000 / reaction(9,14)(197) / ... para reaction(02)
Mensaje D / 00:00:00:000 / reaction(9,15)(198) / ... para reaction(02)
Mensaje D / 00:00:00:000 / reaction(9,16)(199) / ... para reaction(02)
Mensaje D / 00:00:00:000 / reaction(9,17)(200) / ... para reaction(02)
Mensaje D / 00:00:00:000 / reaction(9,18)(201) / ... para reaction(02)
Mensaje D / 00:00:00:000 / reaction(9,19)(202) / ... para reaction(02)
Mensaje D / 00:00:00:000 / reaction(10,0)(203) / ... para reaction(02)
Mensaje D / 00:00:00:000 / reaction(10,1)(204) / ... para reaction(02)
Mensaje D / 00:00:00:000 / reaction(10,2)(205) / ... para reaction(02)
Mensaje D / 00:00:00:000 / reaction(10,3)(206) / ... para reaction(02)
Mensaje D / 00:00:00:000 / reaction(10,4)(207) / ... para reaction(02)
Mensaje D / 00:00:00:000 / reaction(10,5)(208) / ... para reaction(02)
Mensaje D / 00:00:00:000 / reaction(10,6)(209) / ... para reaction(02)
Mensaje D / 00:00:00:000 / reaction(10,7)(210) / ... para reaction(02)
Mensaje D / 00:00:00:000 / reaction(10,8)(211) / ... para reaction(02)
Mensaje D / 00:00:00:000 / reaction(10,9)(212) / ... para reaction(02)
Mensaje D / 00:00:00:000 / reaction(10,10)(213) / ... para reaction(02)
Mensaje D / 00:00:00:000 / reaction(10,11)(214) / ... para reaction(02)
Mensaje D / 00:00:00:000 / reaction(10,12)(215) / ... para reaction(02)
Mensaje D / 00:00:00:000 / reaction(10,13)(216) / ... para reaction(02)
Mensaje D / 00:00:00:000 / reaction(10,14)(217) / ... para reaction(02)
Mensaje D / 00:00:00:000 / reaction(10,15)(218) / ... para reaction(02)
Mensaje D / 00:00:00:000 / reaction(10,16)(219) / ... para reaction(02)
Mensaje D / 00:00:00:000 / reaction(10,17)(220) / ... para reaction(02)
Mensaje D / 00:00:00:000 / reaction(10,18)(221) / ... para reaction(02)
Mensaje D / 00:00:00:000 / reaction(10,19)(222) / ... para reaction(02)
Mensaje D / 00:00:00:000 / reaction(11,0)(223) / ... para reaction(02)
Mensaje D / 00:00:00:000 / reaction(11,1)(224) / ... para reaction(02)
Mensaje D / 00:00:00:000 / reaction(11,2)(225) / ... para reaction(02)
Mensaje D / 00:00:00:000 / reaction(11,3)(226) / ... para reaction(02)
Mensaje D / 00:00:00:000 / reaction(11,4)(227) / ... para reaction(02)
Mensaje D / 00:00:00:000 / reaction(11,5)(228) / ... para reaction(02)
Mensaje D / 00:00:00:000 / reaction(11,6)(229) / ... para reaction(02)
Mensaje D / 00:00:00:000 / reaction(11,7)(230) / ... para reaction(02)
Mensaje D / 00:00:00:000 / reaction(11,8)(231) / ... para reaction(02)
Mensaje D / 00:00:00:000 / reaction(11,9)(232) / ... para reaction(02)
Mensaje D / 00:00:00:000 / reaction(11,10)(233) / ... para reaction(02)
Mensaje D / 00:00:00:000 / reaction(11,11)(234) / ... para reaction(02)
Mensaje D / 00:00:00:000 / reaction(11,12)(235) / ... para reaction(02)
Mensaje D / 00:00:00:000 / reaction(11,13)(236) / ... para reaction(02)
Mensaje D / 00:00:00:000 / reaction(11,14)(237) / ... para reaction(02)
Mensaje D / 00:00:00:000 / reaction(11,15)(238) / ... para reaction(02)
Mensaje D / 00:00:00:000 / reaction(11,16)(239) / ... para reaction(02)
Mensaje D / 00:00:00:000 / reaction(11,17)(240) / ... para reaction(02)
Mensaje D / 00:00:00:000 / reaction(11,18)(241) / ... para reaction(02)
Mensaje D / 00:00:00:000 / reaction(11,19)(242) / ... para reaction(02)
Mensaje D / 00:00:00:000 / reaction(12,0)(243) / ... para reaction(02)
Mensaje D / 00:00:00:000 / reaction(12,1)(244) / ... para reaction(02)
Mensaje D / 00:00:00:000 / reaction(12,2)(245) / ... para reaction(02)
Mensaje D / 00:00:00:000 / reaction(12,3)(246) / ... para reaction(02)
Mensaje D / 00:00:00:000 / reaction(12,4)(247) / ... para reaction(02)
Mensaje D / 00:00:00:000 / reaction(12,5)(248) / ... para reaction(02)
Mensaje D / 00:00:00:000 / reaction(12,6)(249) / ... para reaction(02)
Mensaje D / 00:00:00:000 / reaction(12,7)(250) / ... para reaction(02)
Mensaje D / 00:00:00:000 / reaction(12,8)(251) / ... para reaction(02)
Mensaje D / 00:00:00:000 / reaction(12,9)(252) / ... para reaction(02)
Mensaje D / 00:00:00:000 / reaction(12,10)(253) / ... para reaction(02)
Mensaje D / 00:00:00:000 / reaction(12,11)(254) / ... para reaction(02)
Mensaje D / 00:00:00:000 / reaction(12,12)(255) / ... para reaction(02)
Mensaje D / 00:00:00:000 / reaction(12,13)(256) / ... para reaction(02)
Mensaje D / 00:00:00:000 / reaction(12,14)(257) / ... para reaction(02)
Mensaje D / 00:00:00:000 / reaction(12,15)(258) / ... para reaction(02)
Mensaje D / 00:00:00:000 / reaction(12,16)(259) / ... para reaction(02)
Mensaje D / 00:00:00:000 / reaction(12,17)(260) / ... para reaction(02)
Mensaje D / 00:00:00:000 / reaction(12,18)(261) / ... para reaction(02)
Mensaje D / 00:00:00:000 / reaction(12,19)(262) / ... para reaction(02)
Mensaje D / 00:00:00:000 / reaction(13,0)(263) / ... para reaction(02)
Mensaje D / 00:00:00:000 / reaction(13,1)(264) / ... para reaction(02)
Mensaje D / 00:00:00:000 / reaction(13,2)(265) / ... para reaction(02)
Mensaje D / 00:00:00:000 / reaction(13,3)(266) / ... para reaction(02)
Mensaje D / 00:00:00:000 / reaction(13,4)(267) / ... para reaction(02)
Mensaje D / 00:00:00:000 / reaction(13,5)(268) / ... para reaction(02)
Mensaje D / 00:00:00:000 / reaction(13,6)(269) / ... para reaction(02)
Mensaje D / 00:00:00:000 / reaction(13,7)(270) / ... para reaction(02)
Mensaje D / 00:00:00:000 / reaction(13,8)(271) / ... para reaction(02)
Mensaje D / 00:00:00:000 / reaction(13,9)(272) / ... para reaction(02)
Mensaje D / 00:00:00:000 / reaction(13,10)(273) / ... para reaction(02)
Mensaje D / 00:00:00:000 / reaction(13,11)(274) / ... para reaction(02)
Mensaje D / 00:00:00:000 / reaction(13,12)(275) / ... para reaction(02)
Mensaje D / 00:00:00:000 / reaction(13,13)(276) / ... para reaction(02)
Mensaje D / 00:00:00:000 / reaction(13,14)(277) / ... para reaction(02)
Mensaje D / 00:00:00:000 / reaction(13,15)(278) / ... para reaction(02)
Mensaje D / 00:00:00:000 / reaction(13,16)(279) / ... para reaction(02)
Mensaje D / 00:00:00:000 / reaction(13,17)(280) / ... para reaction(02)
Mensaje D / 00:00:00:000 / reaction(13,18)(281) / ... para reaction(02)
Mensaje D / 00:00:00:000 / reaction(13,19)(282) / ... para reaction(02)
Mensaje D / 00:00:00:000 / reaction(14,0)(283) / ... para reaction(02)
Mensaje D / 00:00:00:000 / reaction(14,1)(284) / ... para reaction(02)
Mensaje D / 00:00:00:000 / reaction(14,2)(285) / ... para reaction(02)
Mensaje D / 00:00:00:000 / reaction(14,3)(286) / ... para reaction(02)
Mensaje D / 00:00:00:000 / reaction(14,4)(287) / ... para reaction(02)
Mensaje D / 00:00:00:000 / reaction(14,5)(288) / ... para reaction(02)
Mensaje D / 00:00:00:000 / reaction(14,6)(289) / 00:00:00:100 para reaction(02)
Mensaje D / 00:00:00:000 / reaction(14,7)(290) / ... para reaction(02)
Mensaje D / 00:00:00:000 / reaction(14,8)(291) / ... para reaction(02)
Mensaje D / 00:00:00:000 / reaction(14,9)(292) / ... para reaction(02)
Mensaje D / 00:00:00:000 / reaction(14,10)(293) / ... para reaction(02)
Mensaje D / 00:00:00:000 / reaction(14,11)(294) / ... para reaction(02)
Mensaje D / 00:00:00:000 / reaction(14,12)(295) / ... para reaction(02)
Mensaje D / 00:00:00:000 / reaction(14,13)(296) / ... para reaction(02)
Mensaje D / 00:00:00:000 / reaction(14,14)(297) / ... para reaction(02)
Mensaje D / 00:00:00:000 / reaction(14,15)(298) / ... para reaction(02)
Mensaje D / 00:00:00:000 / reaction(14,16)(299) / ... para reaction(02)
Mensaje D / 00:00:00:000 / reaction(14,17)(300) / ... para reaction(02)
Mensaje D / 00:00:00:000 / reaction(14,18)(301) / ... para reaction(02)
Mensaje D / 00:00:00:000 / reaction(14,19)(302) / ... para reaction(02)
Mensaje D / 00:00:00:000 / reaction(15,0)(303) / ... para reaction(02)
Mensaje D / 00:00:00:000 / reaction(15,1)(304) / ... para reaction(02)
Mensaje D / 00:00:00:000 / reaction(15,2)(305) / ... para reaction(02)
Mensaje D / 00:00:00:000 / reaction(15,3)(306) / ... para reaction(02)
Mensaje D / 00:00:00:000 / reaction(15,4)(307) / ... para reaction(02)
Mensaje D / 00:00:00:000 / reaction(15,5)(308) / 00:00:00:100 para reaction(02)
Mensaje D / 00:00:00:000 / reaction(15,6)(309) / ... para reaction(02)
Mensaje D / 00:00:00:000 / reaction(15,7)(310) / ... para reaction(02)
Mensaje D / 00:00:00:000 / reaction(15,8)(311) / ... para reaction(02)
Mensaje D / 00:00:00:000 / reaction(15,9)(312) / ... para reaction(02)
Mensaje D / 00:00:00:000 / reaction(15,10)(313) / ... para reaction(02)
Mensaje D / 00:00:00:000 / reaction(15,11)(314) / ... para reaction(02)
Mensaje D / 00:00:00:000 / reaction(15,12)(315) / ... para reaction(02)
Mensaje D / 00:00:00:000 / reaction(15,13)(316) / ... para reaction(02)
Mensaje D / 00:00:00:000 / reaction(15,14)(317) / ... para reaction(02)
Mensaje D / 00:00:00:000 / reaction(15,15)(318) / ... para reaction(02)
Mensaje D / 00:00:00:000 / reaction(15,16)(319) / ... para reaction(02)
Mensaje D / 00:00:00:000 / reaction(15,17)(320) / ... para reaction(02)
Mensaje D / 00:00:00:000 / reaction(15,18)(321) / ... para reaction(02)
Mensaje D / 00:00:00:000 / reaction(15,19)(322) / ... para reaction(02)
Mensaje D / 00:00:00:000 / reaction(16,0)(323) / ... para reaction(02)
Mensaje D / 00:00:00:000 / reaction(16,1)(324) / ... para reaction(02)
Mensaje D / 00:00:00:000 / reaction(16,2)(325) / ... para reaction(02)
Mensaje D / 00:00:00:000 / reaction(16,3)(326) / ... para reaction(02)
Mensaje D / 00:00:00:000 / reaction(16,4)(327) / ... para reaction(02)
Mensaje D / 00:00:00:000 / reaction(16,5)(328) / ... para reaction(02)
Mensaje D / 00:00:00:000 / reaction(16,6)(329) / ... para reaction(02)
Mensaje D / 00:00:00:000 / reaction(16,7)(330) / ... para reaction(02)
Mensaje D / 00:00:00:000 / reaction(16,8)(331) / ... para reaction(02)
Mensaje D / 00:00:00:000 / reaction(16,9)(332) / ... para reaction(02)
Mensaje D / 00:00:00:000 / reaction(16,10)(333) / ... para reaction(02)
Mensaje D / 00:00:00:000 / reaction(16,11)(334) / ... para reaction(02)
Mensaje D / 00:00:00:000 / reaction(16,12)(335) / ... para reaction(02)
Mensaje D / 00:00:00:000 / reaction(16,13)(336) / ... para reaction(02)
Mensaje D / 00:00:00:000 / reaction(16,14)(337) / ... para reaction(02)
Mensaje D / 00:00:00:000 / reaction(16,15)(338) / ... para reaction(02)
Mensaje D / 00:00:00:000 / reaction(16,16)(339) / ... para reaction(02)
Mensaje D / 00:00:00:000 / reaction(16,17)(340) / ... para reaction(02)
Mensaje D / 00:00:00:000 / reaction(16,18)(341) / ... para reaction(02)
Mensaje D / 00:00:00:000 / reaction(16,19)(342) / ... para reaction(02)
Mensaje D / 00:00:00:000 / reaction(17,0)(343) / ... para reaction(02)
Mensaje D / 00:00:00:000 / reaction(17,1)(344) / ... para reaction(02)
Mensaje D / 00:00:00:000 / reaction(17,2)(345) / ... para reaction(02)
Mensaje D / 00:00:00:000 / reaction(17,3)(346) / ... para reaction(02)
Mensaje D / 00:00:00:000 / reaction(17,4)(347) / ... para reaction(02)
Mensaje D / 00:00:00:000 / reaction(17,5)(348) / ... para reaction(02)
Mensaje D / 00:00:00:000 / reaction(17,6)(349) / ... para reaction(02)
Mensaje D / 00:00:00:000 / reaction(17,7)(350) / ... para reaction(02)
Mensaje D / 00:00:00:000 / reaction(17,8)(351) / ... para reaction(02)
Mensaje D / 00:00:00:000 / reaction(17,9)(352) / ... para reaction(02)
Mensaje D / 00:00:00:000 / reaction(17,10)(353) / ... para reaction(02)
Mensaje D / 00:00:00:000 / reaction(17,11)(354) / ... para reaction(02)
Mensaje D / 00:00:00:000 / reaction(17,12)(355) / ... para reaction(02)
Mensaje D / 00:00:00:000 / reaction(17,13)(356) / ... para reaction(02)
Mensaje D / 00:00:00:000 / reaction(17,14)(357) / ... para reaction(02)
Mensaje D / 00:00:00:000 / reaction(17,15)(358) / ... para reaction(02)
Mensaje D / 00:00:00:000 / reaction(17,16)(359) / ... para reaction(02)
Mensaje D / 00:00:00:000 / reaction(17,17)(360) / ... para reaction(02)
Mensaje D / 00:00:00:000 / reaction(17,18)(361) / ... para reaction(02)
Mensaje D / 00:00:00:000 / reaction(17,19)(362) / ... para reaction(02)
Mensaje D / 00:00:00:000 / reaction(18,0)(363) / ... para reaction(02)
Mensaje D / 00:00:00:000 / reaction(18,1)(364) / ... para reaction(02)
Mensaje D / 00:00:00:000 / reaction(18,2)(365) / ... para reaction(02)
Mensaje D / 00:00:00:000 / reaction(18,3)(366) / ... para reaction(02)
Mensaje D / 00:00:00:000 / reaction(18,4)(367) / ... para reaction(02)
Mensaje D / 00:00:00:000 / reaction(18,5)(368) / ... para reaction(02)
Mensaje D / 00:00:00:000 / reaction(18,6)(369) / ... para reaction(02)
Mensaje D / 00:00:00:000 / reaction(18,7)(370) / ... para reaction(02)
Mensaje D / 00:00:00:000 / reaction(18,8)(371) / ... para reaction(02)
Mensaje D / 00:00:00:000 / reaction(18,9)(372) / ... para reaction(02)
Mensaje D / 00:00:00:000 / reaction(18,10)(373) / ... para reaction(02)
Mensaje D / 00:00:00:000 / reaction(18,11)(374) / ... para reaction(02)
Mensaje D / 00:00:00:000 / reaction(18,12)(375) / ... para reaction(02)
Mensaje D / 00:00:00:000 / reaction(18,13)(376) / ... para reaction(02)
Mensaje D / 00:00:00:000 / reaction(18,14)(377) / ... para reaction(02)
Mensaje D / 00:00:00:000 / reaction(18,15)(378) / 00:00:00:100 para reaction(02)
Mensaje D / 00:00:00:000 / reaction(18,16)(379) / ... para reaction(02)
Mensaje D / 00:00:00:000 / reaction(18,17)(380) / ... para reaction(02)
Mensaje D / 00:00:00:000 / reaction(18,18)(381) / ... para reaction(02)
Mensaje D / 00:00:00:000 / reaction(18,19)(382) / ... para reaction(02)
Mensaje D / 00:00:00:000 / reaction(19,0)(383) / ... para reaction(02)
Mensaje D / 00:00:00:000 / reaction(19,1)(384) / ... para reaction(02)
Mensaje D / 00:00:00:000 / reaction(19,2)(385) / ... para reaction(02)
Mensaje D / 00:00:00:000 / reaction(19,3)(386) / ... para reaction(02)
Mensaje D / 00:00:00:000 / reaction(19,4)(387) / ... para reaction(02)
Mensaje D / 00:00:00:000 / reaction(19,5)(388) / ... para reaction(02)
Mensaje D / 00:00:00:000 / reaction(19,6)(389) / ... para reaction(02)
Mensaje D / 00:00:00:000 / reaction(19,7)(390) / ... para reaction(02)
Mensaje D / 00:00:00:000 / reaction(19,8)(391) / ... para reaction(02)
Mensaje D / 00:00:00:000 / reaction(19,9)(392) / ... para reaction(02)
Mensaje D / 00:00:00:000 / reaction(19,10)(393) / ... para reaction(02)
Mensaje D / 00:00:00:000 / reaction(19,11)(394) / ... para reaction(02)
Mensaje D / 00:00:00:000 / reaction(19,12)(395) / ... para reaction(02)
Mensaje D / 00:00:00:000 / reaction(19,13)(396) / ... para reaction(02)
Mensaje D / 00:00:00:000 / reaction(19,14)(397) / 00:00:00:100 para reaction(02)
Mensaje D / 00:00:00:000 / reaction(19,15)(398) / ... para reaction(02)
Mensaje D / 00:00:00:000 / reaction(19,16)(399) / ... para reaction(02)
Mensaje D / 00:00:00:000 / reaction(19,17)(400) / ... para reaction(02)
Mensaje D / 00:00:00:000 / reaction(19,18)(401) / ... para reaction(02)
Mensaje D / 00:00:00:000 / reaction(19,19)(402) / ... para reaction(02)
Mensaje D / 00:00:00:000 / reaction(02) / 00:00:00:100 para top(01)
Mensaje D / 00:00:00:000 / top(01) / 00:00:00:100 para Root(00)
Mensaje * / 00:00:00:100 / Root(00) para top(01)
Mensaje * / 00:00:00:100 / top(01) para reaction(02)
Mensaje * / 00:00:00:100 / reaction(02) para reaction(2,11)(54)
Mensaje * / 00:00:00:100 / reaction(02) para reaction(9,9)(192)
Mensaje * / 00:00:00:100 / reaction(02) para reaction(14,6)(289)
Mensaje * / 00:00:00:100 / reaction(02) para reaction(15,5)(308)
Mensaje * / 00:00:00:100 / reaction(02) para reaction(18,15)(378)
Mensaje * / 00:00:00:100 / reaction(02) para reaction(19,14)(397)
Mensaje Y / 00:00:00:100 / reaction(2,11)(54) / out /     13.00000 para reaction(02)
Mensaje D / 00:00:00:100 / reaction(2,11)(54) / ... para reaction(02)
Mensaje Y / 00:00:00:100 / reaction(9,9)(192) / out /     13.00000 para reaction(02)
Mensaje D / 00:00:00:100 / reaction(9,9)(192) / ... para reaction(02)
Mensaje Y / 00:00:00:100 / reaction(14,6)(289) / out /     13.00000 para reaction(02)
Mensaje D / 00:00:00:100 / reaction(14,6)(289) / ... para reaction(02)
Mensaje Y / 00:00:00:100 / reaction(15,5)(308) / out /     12.00000 para reaction(02)
Mensaje D / 00:00:00:100 / reaction(15,5)(308) / ... para reaction(02)
Mensaje Y / 00:00:00:100 / reaction(18,15)(378) / out /     13.00000 para reaction(02)
Mensaje D / 00:00:00:100 / reaction(18,15)(378) / ... para reaction(02)
Mensaje Y / 00:00:00:100 / reaction(19,14)(397) / out /     11.00000 para reaction(02)
Mensaje D / 00:00:00:100 / reaction(19,14)(397) / ... para reaction(02)
Mensaje X / 00:00:00:100 / reaction(02) / neighborchange /     13.00000 para reaction(1,11)(34)
Mensaje X / 00:00:00:100 / reaction(02) / neighborchange /     13.00000 para reaction(2,10)(53)
Mensaje X / 00:00:00:100 / reaction(02) / neighborchange /     13.00000 para reaction(2,11)(54)
Mensaje X / 00:00:00:100 / reaction(02) / neighborchange /     13.00000 para reaction(2,12)(55)
Mensaje X / 00:00:00:100 / reaction(02) / neighborchange /     13.00000 para reaction(3,11)(74)
Mensaje X / 00:00:00:100 / reaction(02) / neighborchange /     13.00000 para reaction(8,9)(172)
Mensaje X / 00:00:00:100 / reaction(02) / neighborchange /     13.00000 para reaction(9,8)(191)
Mensaje X / 00:00:00:100 / reaction(02) / neighborchange /     13.00000 para reaction(9,9)(192)
Mensaje X / 00:00:00:100 / reaction(02) / neighborchange /     13.00000 para reaction(9,10)(193)
Mensaje X / 00:00:00:100 / reaction(02) / neighborchange /     13.00000 para reaction(10,9)(212)
Mensaje X / 00:00:00:100 / reaction(02) / neighborchange /     13.00000 para reaction(13,6)(269)
Mensaje X / 00:00:00:100 / reaction(02) / neighborchange /     13.00000 para reaction(14,5)(288)
Mensaje X / 00:00:00:100 / reaction(02) / neighborchange /     13.00000 para reaction(14,6)(289)
Mensaje X / 00:00:00:100 / reaction(02) / neighborchange /     13.00000 para reaction(14,7)(290)
Mensaje X / 00:00:00:100 / reaction(02) / neighborchange /     13.00000 para reaction(15,6)(309)
Mensaje X / 00:00:00:100 / reaction(02) / neighborchange /     12.00000 para reaction(15,4)(307)
Mensaje X / 00:00:00:100 / reaction(02) / neighborchange /     12.00000 para reaction(15,5)(308)
Mensaje X / 00:00:00:100 / reaction(02) / neighborchange /     12.00000 para reaction(16,5)(328)
Mensaje X / 00:00:00:100 / reaction(02) / neighborchange /     13.00000 para reaction(17,15)(358)
Mensaje X / 00:00:00:100 / reaction(02) / neighborchange /     13.00000 para reaction(18,14)(377)
Mensaje X / 00:00:00:100 / reaction(02) / neighborchange /     13.00000 para reaction(18,15)(378)
Mensaje X / 00:00:00:100 / reaction(02) / neighborchange /     13.00000 para reaction(18,16)(379)
Mensaje X / 00:00:00:100 / reaction(02) / neighborchange /     13.00000 para reaction(19,15)(398)
Mensaje X / 00:00:00:100 / reaction(02) / neighborchange /     11.00000 para reaction(19,13)(396)
Mensaje X / 00:00:00:100 / reaction(02) / neighborchange /     11.00000 para reaction(19,14)(397)
Mensaje D / 00:00:00:100 / reaction(1,11)(34) / ... para reaction(02)
Mensaje D / 00:00:00:100 / reaction(2,10)(53) / ... para reaction(02)
Mensaje D / 00:00:00:100 / reaction(2,11)(54) / 00:00:00:000 para reaction(02)
Mensaje D / 00:00:00:100 / reaction(2,12)(55) / ... para reaction(02)
Mensaje D / 00:00:00:100 / reaction(3,11)(74) / 00:00:00:000 para reaction(02)
Mensaje D / 00:00:00:100 / reaction(8,9)(172) / ... para reaction(02)
Mensaje D / 00:00:00:100 / reaction(9,8)(191) / ... para reaction(02)
Mensaje D / 00:00:00:100 / reaction(9,9)(192) / 00:00:00:000 para reaction(02)
Mensaje D / 00:00:00:100 / reaction(9,10)(193) / ... para reaction(02)
Mensaje D / 00:00:00:100 / reaction(10,9)(212) / 00:00:00:000 para reaction(02)
Mensaje D / 00:00:00:100 / reaction(13,6)(269) / ... para reaction(02)
Mensaje D / 00:00:00:100 / reaction(14,5)(288) / ... para reaction(02)
Mensaje D / 00:00:00:100 / reaction(14,6)(289) / 00:00:00:000 para reaction(02)
Mensaje D / 00:00:00:100 / reaction(14,7)(290) / ... para reaction(02)
Mensaje D / 00:00:00:100 / reaction(15,6)(309) / 00:00:00:000 para reaction(02)
Mensaje D / 00:00:00:100 / reaction(15,4)(307) / ... para reaction(02)
Mensaje D / 00:00:00:100 / reaction(15,5)(308) / 00:00:00:000 para reaction(02)
Mensaje D / 00:00:00:100 / reaction(16,5)(328) / ... para reaction(02)
Mensaje D / 00:00:00:100 / reaction(17,15)(358) / ... para reaction(02)
Mensaje D / 00:00:00:100 / reaction(18,14)(377) / 00:00:00:000 para reaction(02)
Mensaje D / 00:00:00:100 / reaction(18,15)(378) / 00:00:00:000 para reaction(02)
Mensaje D / 00:00:00:100 / reaction(18,16)(379) / ... para reaction(02)
Mensaje D / 00:00:00:100 / reaction(19,15)(398) / 00:00:00:000 para reaction(02)
Mensaje D / 00:00:00:100 / reaction(19,13)(396) / ... para reaction(02)
Mensaje D / 00:00:00:100 / reaction(19,14)(397) / 00:00:00:000 para reaction(02)
Mensaje D / 00:00:00:100 / reaction(02) / 00:00:00:000 para top(01)
Mensaje D / 00:00:00:100 / top(01) / 00:00:00:000 para Root(00)
Mensaje * / 00:00:00:100 / Root(00) para top(01)
Mensaje * / 00:00:00:100 / top(01) para reaction(02)
Mensaje * / 00:00:00:100 / reaction(02) para reaction(2,11)(54)
Mensaje * / 00:00:00:100 / reaction(02) para reaction(3,11)(74)
Mensaje * / 00:00:00:100 / reaction(02) para reaction(9,9)(192)
Mensaje * / 00:00:00:100 / reaction(02) para reaction(10,9)(212)
Mensaje * / 00:00:00:100 / reaction(02) para reaction(14,6)(289)
Mensaje * / 00:00:00:100 / reaction(02) para reaction(15,6)(309)
Mensaje * / 00:00:00:100 / reaction(02) para reaction(15,5)(308)
Mensaje * / 00:00:00:100 / reaction(02) para reaction(18,14)(377)
Mensaje * / 00:00:00:100 / reaction(02) para reaction(18,15)(378)
Mensaje * / 00:00:00:100 / reaction(02) para reaction(19,15)(398)
Mensaje * / 00:00:00:100 / reaction(02) para reaction(19,14)(397)
Mensaje Y / 00:00:00:100 / reaction(2,11)(54) / out /      3.00000 para reaction(02)
Mensaje D / 00:00:00:100 / reaction(2,11)(54) / ... para reaction(02)
Mensaje Y / 00:00:00:100 / reaction(3,11)(74) / out /      0.00000 para reaction(02)
Mensaje D / 00:00:00:100 / reaction(3,11)(74) / ... para reaction(02)
Mensaje Y / 00:00:00:100 / reaction(9,9)(192) / out /      3.00000 para reaction(02)
Mensaje D / 00:00:00:100 / reaction(9,9)(192) / ... para reaction(02)
Mensaje Y / 00:00:00:100 / reaction(10,9)(212) / out /      0.00000 para reaction(02)
Mensaje D / 00:00:00:100 / reaction(10,9)(212) / ... para reaction(02)
Mensaje Y / 00:00:00:100 / reaction(14,6)(289) / out /      3.00000 para reaction(02)
Mensaje D / 00:00:00:100 / reaction(14,6)(289) / ... para reaction(02)
Mensaje Y / 00:00:00:100 / reaction(15,6)(309) / out /      0.00000 para reaction(02)
Mensaje D / 00:00:00:100 / reaction(15,6)(309) / ... para reaction(02)
Mensaje Y / 00:00:00:100 / reaction(15,5)(308) / out /      3.00000 para reaction(02)
Mensaje D / 00:00:00:100 / reaction(15,5)(308) / ... para reaction(02)
Mensaje Y / 00:00:00:100 / reaction(18,14)(377) / out /      0.00000 para reaction(02)
Mensaje D / 00:00:00:100 / reaction(18,14)(377) / ... para reaction(02)
Mensaje Y / 00:00:00:100 / reaction(18,15)(378) / out /      3.00000 para reaction(02)
Mensaje D / 00:00:00:100 / reaction(18,15)(378) / ... para reaction(02)
Mensaje Y / 00:00:00:100 / reaction(19,15)(398) / out /      0.00000 para reaction(02)
Mensaje D / 00:00:00:100 / reaction(19,15)(398) / ... para reaction(02)
Mensaje Y / 00:00:00:100 / reaction(19,14)(397) / out /      3.00000 para reaction(02)
Mensaje D / 00:00:00:100 / reaction(19,14)(397) / ... para reaction(02)
Mensaje X / 00:00:00:100 / reaction(02) / neighborchange /      3.00000 para reaction(1,11)(34)
Mensaje X / 00:00:00:100 / reaction(02) / neighborchange /      3.00000 para reaction(2,10)(53)
Mensaje X / 00:00:00:100 / reaction(02) / neighborchange /      3.00000 para reaction(2,11)(54)
Mensaje X / 00:00:00:100 / reaction(02) / neighborchange /      3.00000 para reaction(2,12)(55)
Mensaje X / 00:00:00:100 / reaction(02) / neighborchange /      3.00000 para reaction(3,11)(74)
Mensaje X / 00:00:00:100 / reaction(02) / neighborchange /      0.00000 para reaction(3,10)(73)
Mensaje X / 00:00:00:100 / reaction(02) / neighborchange /      0.00000 para reaction(3,12)(75)
Mensaje X / 00:00:00:100 / reaction(02) / neighborchange /      0.00000 para reaction(4,11)(94)
Mensaje X / 00:00:00:100 / reaction(02) / neighborchange /      3.00000 para reaction(8,9)(172)
Mensaje X / 00:00:00:100 / reaction(02) / neighborchange /      3.00000 para reaction(9,8)(191)
Mensaje X / 00:00:00:100 / reaction(02) / neighborchange /      3.00000 para reaction(9,9)(192)
Mensaje X / 00:00:00:100 / reaction(02) / neighborchange /      3.00000 para reaction(9,10)(193)
Mensaje X / 00:00:00:100 / reaction(02) / neighborchange /      3.00000 para reaction(10,9)(212)
Mensaje X / 00:00:00:100 / reaction(02) / neighborchange /      0.00000 para reaction(10,8)(211)
Mensaje X / 00:00:00:100 / reaction(02) / neighborchange /      0.00000 para reaction(10,10)(213)
Mensaje X / 00:00:00:100 / reaction(02) / neighborchange /      0.00000 para reaction(11,9)(232)
Mensaje X / 00:00:00:100 / reaction(02) / neighborchange /      3.00000 para reaction(13,6)(269)
Mensaje X / 00:00:00:100 / reaction(02) / neighborchange /      3.00000 para reaction(14,5)(288)
Mensaje X / 00:00:00:100 / reaction(02) / neighborchange /      3.00000 para reaction(14,6)(289)
Mensaje X / 00:00:00:100 / reaction(02) / neighborchange /      3.00000 para reaction(14,7)(290)
Mensaje X / 00:00:00:100 / reaction(02) / neighborchange /      3.00000 para reaction(15,6)(309)
Mensaje X / 00:00:00:100 / reaction(02) / neighborchange /      0.00000 para reaction(15,5)(308)
Mensaje X / 00:00:00:100 / reaction(02) / neighborchange /      0.00000 para reaction(15,7)(310)
Mensaje X / 00:00:00:100 / reaction(02) / neighborchange /      0.00000 para reaction(16,6)(329)
Mensaje X / 00:00:00:100 / reaction(02) / neighborchange /      3.00000 para reaction(15,4)(307)
Mensaje X / 00:00:00:100 / reaction(02) / neighborchange /      3.00000 para reaction(16,5)(328)
Mensaje X / 00:00:00:100 / reaction(02) / neighborchange /      0.00000 para reaction(17,14)(357)
Mensaje X / 00:00:00:100 / reaction(02) / neighborchange /      0.00000 para reaction(18,13)(376)
Mensaje X / 00:00:00:100 / reaction(02) / neighborchange /      0.00000 para reaction(18,14)(377)
Mensaje X / 00:00:00:100 / reaction(02) / neighborchange /      0.00000 para reaction(18,15)(378)
Mensaje X / 00:00:00:100 / reaction(02) / neighborchange /      0.00000 para reaction(19,14)(397)
Mensaje X / 00:00:00:100 / reaction(02) / neighborchange /      3.00000 para reaction(17,15)(358)
Mensaje X / 00:00:00:100 / reaction(02) / neighborchange /      3.00000 para reaction(18,16)(379)
Mensaje X / 00:00:00:100 / reaction(02) / neighborchange /      3.00000 para reaction(19,15)(398)
Mensaje X / 00:00:00:100 / reaction(02) / neighborchange /      0.00000 para reaction(19,16)(399)
Mensaje X / 00:00:00:100 / reaction(02) / neighborchange /      3.00000 para reaction(19,13)(396)
Mensaje D / 00:00:00:100 / reaction(1,11)(34) / ... para reaction(02)
Mensaje D / 00:00:00:100 / reaction(2,10)(53) / ... para reaction(02)
Mensaje D / 00:00:00:100 / reaction(2,11)(54) / ... para reaction(02)
Mensaje D / 00:00:00:100 / reaction(2,12)(55) / ... para reaction(02)
Mensaje D / 00:00:00:100 / reaction(3,11)(74) / ... para reaction(02)
Mensaje D / 00:00:00:100 / reaction(3,10)(73) / ... para reaction(02)
Mensaje D / 00:00:00:100 / reaction(3,12)(75) / ... para reaction(02)
Mensaje D / 00:00:00:100 / reaction(4,11)(94) / ... para reaction(02)
Mensaje D / 00:00:00:100 / reaction(8,9)(172) / ... para reaction(02)
Mensaje D / 00:00:00:100 / reaction(9,8)(191) / ... para reaction(02)
Mensaje D / 00:00:00:100 / reaction(9,9)(192) / ... para reaction(02)
Mensaje D / 00:00:00:100 / reaction(9,10)(193) / ... para reaction(02)
Mensaje D / 00:00:00:100 / reaction(10,9)(212) / ... para reaction(02)
Mensaje D / 00:00:00:100 / reaction(10,8)(211) / ... para reaction(02)
Mensaje D / 00:00:00:100 / reaction(10,10)(213) / ... para reaction(02)
Mensaje D / 00:00:00:100 / reaction(11,9)(232) / ... para reaction(02)
Mensaje D / 00:00:00:100 / reaction(13,6)(269) / ... para reaction(02)
Mensaje D / 00:00:00:100 / reaction(14,5)(288) / ... para reaction(02)
Mensaje D / 00:00:00:100 / reaction(14,6)(289) / ... para reaction(02)
Mensaje D / 00:00:00:100 / reaction(14,7)(290) / ... para reaction(02)
Mensaje D / 00:00:00:100 / reaction(15,6)(309) / ... para reaction(02)
Mensaje D / 00:00:00:100 / reaction(15,5)(308) / ... para reaction(02)
Mensaje D / 00:00:00:100 / reaction(15,7)(310) / ... para reaction(02)
Mensaje D / 00:00:00:100 / reaction(16,6)(329) / ... para reaction(02)
Mensaje D / 00:00:00:100 / reaction(15,4)(307) / ... para reaction(02)
Mensaje D / 00:00:00:100 / reaction(16,5)(328) / ... para reaction(02)
Mensaje D / 00:00:00:100 / reaction(17,14)(357) / ... para reaction(02)
Mensaje D / 00:00:00:100 / reaction(18,13)(376) / ... para reaction(02)
Mensaje D / 00:00:00:100 / reaction(18,14)(377) / ... para reaction(02)
Mensaje D / 00:00:00:100 / reaction(18,15)(378) / ... para reaction(02)
Mensaje D / 00:00:00:100 / reaction(19,14)(397) / ... para reaction(02)
Mensaje D / 00:00:00:100 / reaction(17,15)(358) / ... para reaction(02)
Mensaje D / 00:00:00:100 / reaction(18,16)(379) / ... para reaction(02)
Mensaje D / 00:00:00:100 / reaction(19,15)(398) / ... para reaction(02)
Mensaje D / 00:00:00:100 / reaction(19,16)(399) / ... para reaction(02)
Mensaje D / 00:00:00:100 / reaction(19,13)(396) / ... para reaction(02)
Mensaje D / 00:00:00:100 / reaction(02) / ... para top(01)
Mensaje D / 00:00:00:100 / top(01) / ... para Root(00)
